Ex1_Aula3/app/build/intermediates/manifest_merge_blame_file/debug/manifest-merger-blame-debug-report.txt
1<?xml version="1.0" encoding="utf-8"?>
2<manifest xmlns:android="http://schemas.android.com/apk/res/android"
3    package="pt.atp.ex1aula3"
4    android:versionCode="1"
5    android:versionName="1.0" >
6
7    <uses-sdk
8        android:minSdkVersion="23"
8-->src\main\AndroidManifest.xml
9        android:targetSdkVersion="30" />
9-->src\main\AndroidManifest.xml
10
11    <application
11-->src\main\AndroidManifest.xml:5:5-25:19
12        android:allowBackup="true"
12-->src\main\AndroidManifest.xml:6:9-35
13        android:appComponentFactory="androidx.core.app.CoreComponentFactory"
13-->[androidx.core:core:1.3.2] AndroidManifest.xml:24:18-86
14        android:debuggable="true"
15        android:extractNativeLibs="false"
16        android:icon="@mipmap/ic_launcher"
16-->src\main\AndroidManifest.xml:7:9-43
17        android:label="@string/app_name"
17-->src\main\AndroidManifest.xml:8:9-41
18        android:roundIcon="@mipmap/ic_launcher_round"
18-->src\main\AndroidManifest.xml:9:9-54
19        android:supportsRtl="true"
19-->src\main\AndroidManifest.xml:10:9-35
20        android:testOnly="true"
21        android:theme="@style/Theme.Bobi" >
21-->src\main\AndroidManifest.xml:11:9-42
22        <activity
22-->src\main\AndroidManifest.xml:13:9-21:20
23            android:name="pt.atp.ex1aula3.LoginActivity"
23-->src\main\AndroidManifest.xml:13:19-63
24            android:theme="@style/AppTheme.NoActionBar" >
24-->src\main\AndroidManifest.xml:14:19-62
25            <intent-filter>
25-->src\main\AndroidManifest.xml:16:13-20:29
26                <action android:name="android.intent.action.MAIN" />
26-->src\main\AndroidManifest.xml:17:17-69
26-->src\main\AndroidManifest.xml:17:25-66
27
28                <category android:name="android.intent.category.LAUNCHER" />
28-->src\main\AndroidManifest.xml:19:17-77
28-->src\main\AndroidManifest.xml:19:27-74
29            </intent-filter>
30        </activity>
31        <activity android:name="pt.atp.ex1aula3.MainActivity" />
31-->src\main\AndroidManifest.xml:23:9-65
31-->src\main\AndroidManifest.xml:23:19-62
32        <activity android:name="pt.atp.ex1aula3.DetailsActivity" />
32-->src\main\AndroidManifest.xml:24:9-68
32-->src\main\AndroidManifest.xml:24:19-65
33    </application>
34
35</manifest>